2013/05/17 17:32:48 [error] [exception.CHttpException.404] exception 'CHttpException' with message 'Unable to resolve the request "favicon.ico".' in C:\Users\Manuel Zambrano\proyectos\sori\src\web\yii\framework\web\CWebApplication.php:286
Stack trace:
#0 C:\Users\Manuel Zambrano\proyectos\sori\src\web\yii\framework\web\CWebApplication.php(141): CWebApplication->runController('favicon.ico')
#1 C:\Users\Manuel Zambrano\proyectos\sori\src\web\yii\framework\base\CApplication.php(169): CWebApplication->processRequest()
#2 C:\Users\Manuel Zambrano\proyectos\sori\src\web\index.php(13): CApplication->run()
#3 {main}
REQUEST_URI=/favicon.ico
---
2013/05/17 17:33:05 [error] [exception.CHttpException.404] exception 'CHttpException' with message 'Unable to resolve the request "favicon.ico".' in C:\Users\Manuel Zambrano\proyectos\sori\src\web\yii\framework\web\CWebApplication.php:286
Stack trace:
#0 C:\Users\Manuel Zambrano\proyectos\sori\src\web\yii\framework\web\CWebApplication.php(141): CWebApplication->runController('favicon.ico')
#1 C:\Users\Manuel Zambrano\proyectos\sori\src\web\yii\framework\base\CApplication.php(169): CWebApplication->processRequest()
#2 C:\Users\Manuel Zambrano\proyectos\sori\src\web\index.php(13): CApplication->run()
#3 {main}
REQUEST_URI=/favicon.ico
---
2013/05/17 17:33:07 [error] [exception.CHttpException.404] exception 'CHttpException' with message 'Unable to resolve the request "favicon.ico".' in C:\Users\Manuel Zambrano\proyectos\sori\src\web\yii\framework\web\CWebApplication.php:286
Stack trace:
#0 C:\Users\Manuel Zambrano\proyectos\sori\src\web\yii\framework\web\CWebApplication.php(141): CWebApplication->runController('favicon.ico')
#1 C:\Users\Manuel Zambrano\proyectos\sori\src\web\yii\framework\base\CApplication.php(169): CWebApplication->processRequest()
#2 C:\Users\Manuel Zambrano\proyectos\sori\src\web\index.php(13): CApplication->run()
#3 {main}
REQUEST_URI=/favicon.ico
---
2013/05/17 17:33:09 [error] [exception.CHttpException.404] exception 'CHttpException' with message 'Unable to resolve the request "favicon.ico".' in C:\Users\Manuel Zambrano\proyectos\sori\src\web\yii\framework\web\CWebApplication.php:286
Stack trace:
#0 C:\Users\Manuel Zambrano\proyectos\sori\src\web\yii\framework\web\CWebApplication.php(141): CWebApplication->runController('favicon.ico')
#1 C:\Users\Manuel Zambrano\proyectos\sori\src\web\yii\framework\base\CApplication.php(169): CWebApplication->processRequest()
#2 C:\Users\Manuel Zambrano\proyectos\sori\src\web\index.php(13): CApplication->run()
#3 {main}
REQUEST_URI=/favicon.ico
---
2013/05/17 17:33:10 [error] [exception.CHttpException.404] exception 'CHttpException' with message 'Unable to resolve the request "favicon.ico".' in C:\Users\Manuel Zambrano\proyectos\sori\src\web\yii\framework\web\CWebApplication.php:286
Stack trace:
#0 C:\Users\Manuel Zambrano\proyectos\sori\src\web\yii\framework\web\CWebApplication.php(141): CWebApplication->runController('favicon.ico')
#1 C:\Users\Manuel Zambrano\proyectos\sori\src\web\yii\framework\base\CApplication.php(169): CWebApplication->processRequest()
#2 C:\Users\Manuel Zambrano\proyectos\sori\src\web\index.php(13): CApplication->run()
#3 {main}
REQUEST_URI=/favicon.ico
---
2013/05/17 17:33:10 [error] [exception.CHttpException.404] exception 'CHttpException' with message 'Unable to resolve the request "favicon.ico".' in C:\Users\Manuel Zambrano\proyectos\sori\src\web\yii\framework\web\CWebApplication.php:286
Stack trace:
#0 C:\Users\Manuel Zambrano\proyectos\sori\src\web\yii\framework\web\CWebApplication.php(141): CWebApplication->runController('favicon.ico')
#1 C:\Users\Manuel Zambrano\proyectos\sori\src\web\yii\framework\base\CApplication.php(169): CWebApplication->processRequest()
#2 C:\Users\Manuel Zambrano\proyectos\sori\src\web\index.php(13): CApplication->run()
#3 {main}
REQUEST_URI=/favicon.ico
---
2013/05/17 17:33:12 [error] [exception.CHttpException.404] exception 'CHttpException' with message 'Unable to resolve the request "favicon.ico".' in C:\Users\Manuel Zambrano\proyectos\sori\src\web\yii\framework\web\CWebApplication.php:286
Stack trace:
#0 C:\Users\Manuel Zambrano\proyectos\sori\src\web\yii\framework\web\CWebApplication.php(141): CWebApplication->runController('favicon.ico')
#1 C:\Users\Manuel Zambrano\proyectos\sori\src\web\yii\framework\base\CApplication.php(169): CWebApplication->processRequest()
#2 C:\Users\Manuel Zambrano\proyectos\sori\src\web\index.php(13): CApplication->run()
#3 {main}
REQUEST_URI=/favicon.ico
---
2013/05/17 17:33:12 [error] [exception.CHttpException.404] exception 'CHttpException' with message 'Unable to resolve the request "favicon.ico".' in C:\Users\Manuel Zambrano\proyectos\sori\src\web\yii\framework\web\CWebApplication.php:286
Stack trace:
#0 C:\Users\Manuel Zambrano\proyectos\sori\src\web\yii\framework\web\CWebApplication.php(141): CWebApplication->runController('favicon.ico')
#1 C:\Users\Manuel Zambrano\proyectos\sori\src\web\yii\framework\base\CApplication.php(169): CWebApplication->processRequest()
#2 C:\Users\Manuel Zambrano\proyectos\sori\src\web\index.php(13): CApplication->run()
#3 {main}
REQUEST_URI=/favicon.ico
---
2013/05/17 17:33:13 [error] [exception.CHttpException.404] exception 'CHttpException' with message 'Unable to resolve the request "favicon.ico".' in C:\Users\Manuel Zambrano\proyectos\sori\src\web\yii\framework\web\CWebApplication.php:286
Stack trace:
#0 C:\Users\Manuel Zambrano\proyectos\sori\src\web\yii\framework\web\CWebApplication.php(141): CWebApplication->runController('favicon.ico')
#1 C:\Users\Manuel Zambrano\proyectos\sori\src\web\yii\framework\base\CApplication.php(169): CWebApplication->processRequest()
#2 C:\Users\Manuel Zambrano\proyectos\sori\src\web\index.php(13): CApplication->run()
#3 {main}
REQUEST_URI=/favicon.ico
---
2013/05/17 17:34:41 [error] [exception.CHttpException.404] exception 'CHttpException' with message 'Unable to resolve the request "favicon.ico".' in C:\Users\Manuel Zambrano\proyectos\sori\src\web\yii\framework\web\CWebApplication.php:286
Stack trace:
#0 C:\Users\Manuel Zambrano\proyectos\sori\src\web\yii\framework\web\CWebApplication.php(141): CWebApplication->runController('favicon.ico')
#1 C:\Users\Manuel Zambrano\proyectos\sori\src\web\yii\framework\base\CApplication.php(169): CWebApplication->processRequest()
#2 C:\Users\Manuel Zambrano\proyectos\sori\src\web\index.php(13): CApplication->run()
#3 {main}
REQUEST_URI=/favicon.ico
---
2013/05/17 17:34:43 [error] [exception.CHttpException.404] exception 'CHttpException' with message 'Unable to resolve the request "favicon.ico".' in C:\Users\Manuel Zambrano\proyectos\sori\src\web\yii\framework\web\CWebApplication.php:286
Stack trace:
#0 C:\Users\Manuel Zambrano\proyectos\sori\src\web\yii\framework\web\CWebApplication.php(141): CWebApplication->runController('favicon.ico')
#1 C:\Users\Manuel Zambrano\proyectos\sori\src\web\yii\framework\base\CApplication.php(169): CWebApplication->processRequest()
#2 C:\Users\Manuel Zambrano\proyectos\sori\src\web\index.php(13): CApplication->run()
#3 {main}
REQUEST_URI=/favicon.ico
---
2013/05/17 17:34:44 [error] [exception.CHttpException.404] exception 'CHttpException' with message 'Unable to resolve the request "favicon.ico".' in C:\Users\Manuel Zambrano\proyectos\sori\src\web\yii\framework\web\CWebApplication.php:286
Stack trace:
#0 C:\Users\Manuel Zambrano\proyectos\sori\src\web\yii\framework\web\CWebApplication.php(141): CWebApplication->runController('favicon.ico')
#1 C:\Users\Manuel Zambrano\proyectos\sori\src\web\yii\framework\base\CApplication.php(169): CWebApplication->processRequest()
#2 C:\Users\Manuel Zambrano\proyectos\sori\src\web\index.php(13): CApplication->run()
#3 {main}
REQUEST_URI=/favicon.ico
---
2013/05/17 17:34:46 [error] [exception.CHttpException.404] exception 'CHttpException' with message 'Unable to resolve the request "favicon.ico".' in C:\Users\Manuel Zambrano\proyectos\sori\src\web\yii\framework\web\CWebApplication.php:286
Stack trace:
#0 C:\Users\Manuel Zambrano\proyectos\sori\src\web\yii\framework\web\CWebApplication.php(141): CWebApplication->runController('favicon.ico')
#1 C:\Users\Manuel Zambrano\proyectos\sori\src\web\yii\framework\base\CApplication.php(169): CWebApplication->processRequest()
#2 C:\Users\Manuel Zambrano\proyectos\sori\src\web\index.php(13): CApplication->run()
#3 {main}
REQUEST_URI=/favicon.ico
---
2013/05/17 17:34:47 [error] [exception.CHttpException.404] exception 'CHttpException' with message 'Unable to resolve the request "favicon.ico".' in C:\Users\Manuel Zambrano\proyectos\sori\src\web\yii\framework\web\CWebApplication.php:286
Stack trace:
#0 C:\Users\Manuel Zambrano\proyectos\sori\src\web\yii\framework\web\CWebApplication.php(141): CWebApplication->runController('favicon.ico')
#1 C:\Users\Manuel Zambrano\proyectos\sori\src\web\yii\framework\base\CApplication.php(169): CWebApplication->processRequest()
#2 C:\Users\Manuel Zambrano\proyectos\sori\src\web\index.php(13): CApplication->run()
#3 {main}
REQUEST_URI=/favicon.ico
---
2013/05/17 17:34:48 [error] [exception.CHttpException.404] exception 'CHttpException' with message 'Unable to resolve the request "favicon.ico".' in C:\Users\Manuel Zambrano\proyectos\sori\src\web\yii\framework\web\CWebApplication.php:286
Stack trace:
#0 C:\Users\Manuel Zambrano\proyectos\sori\src\web\yii\framework\web\CWebApplication.php(141): CWebApplication->runController('favicon.ico')
#1 C:\Users\Manuel Zambrano\proyectos\sori\src\web\yii\framework\base\CApplication.php(169): CWebApplication->processRequest()
#2 C:\Users\Manuel Zambrano\proyectos\sori\src\web\index.php(13): CApplication->run()
#3 {main}
REQUEST_URI=/favicon.ico
---
2013/05/17 17:34:49 [error] [exception.CHttpException.404] exception 'CHttpException' with message 'Unable to resolve the request "favicon.ico".' in C:\Users\Manuel Zambrano\proyectos\sori\src\web\yii\framework\web\CWebApplication.php:286
Stack trace:
#0 C:\Users\Manuel Zambrano\proyectos\sori\src\web\yii\framework\web\CWebApplication.php(141): CWebApplication->runController('favicon.ico')
#1 C:\Users\Manuel Zambrano\proyectos\sori\src\web\yii\framework\base\CApplication.php(169): CWebApplication->processRequest()
#2 C:\Users\Manuel Zambrano\proyectos\sori\src\web\index.php(13): CApplication->run()
#3 {main}
REQUEST_URI=/favicon.ico
---
2013/05/17 17:34:50 [error] [exception.CHttpException.404] exception 'CHttpException' with message 'Unable to resolve the request "favicon.ico".' in C:\Users\Manuel Zambrano\proyectos\sori\src\web\yii\framework\web\CWebApplication.php:286
Stack trace:
#0 C:\Users\Manuel Zambrano\proyectos\sori\src\web\yii\framework\web\CWebApplication.php(141): CWebApplication->runController('favicon.ico')
#1 C:\Users\Manuel Zambrano\proyectos\sori\src\web\yii\framework\base\CApplication.php(169): CWebApplication->processRequest()
#2 C:\Users\Manuel Zambrano\proyectos\sori\src\web\index.php(13): CApplication->run()
#3 {main}
REQUEST_URI=/favicon.ico
---
2013/05/17 17:34:51 [error] [exception.CHttpException.404] exception 'CHttpException' with message 'Unable to resolve the request "favicon.ico".' in C:\Users\Manuel Zambrano\proyectos\sori\src\web\yii\framework\web\CWebApplication.php:286
Stack trace:
#0 C:\Users\Manuel Zambrano\proyectos\sori\src\web\yii\framework\web\CWebApplication.php(141): CWebApplication->runController('favicon.ico')
#1 C:\Users\Manuel Zambrano\proyectos\sori\src\web\yii\framework\base\CApplication.php(169): CWebApplication->processRequest()
#2 C:\Users\Manuel Zambrano\proyectos\sori\src\web\index.php(13): CApplication->run()
#3 {main}
REQUEST_URI=/favicon.ico
---
2013/05/17 17:34:52 [error] [exception.CHttpException.404] exception 'CHttpException' with message 'Unable to resolve the request "favicon.ico".' in C:\Users\Manuel Zambrano\proyectos\sori\src\web\yii\framework\web\CWebApplication.php:286
Stack trace:
#0 C:\Users\Manuel Zambrano\proyectos\sori\src\web\yii\framework\web\CWebApplication.php(141): CWebApplication->runController('favicon.ico')
#1 C:\Users\Manuel Zambrano\proyectos\sori\src\web\yii\framework\base\CApplication.php(169): CWebApplication->processRequest()
#2 C:\Users\Manuel Zambrano\proyectos\sori\src\web\index.php(13): CApplication->run()
#3 {main}
REQUEST_URI=/favicon.ico
---
2013/05/17 17:35:07 [error] [exception.CHttpException.404] exception 'CHttpException' with message 'Unable to resolve the request "favicon.ico".' in C:\Users\Manuel Zambrano\proyectos\sori\src\web\yii\framework\web\CWebApplication.php:286
Stack trace:
#0 C:\Users\Manuel Zambrano\proyectos\sori\src\web\yii\framework\web\CWebApplication.php(141): CWebApplication->runController('favicon.ico')
#1 C:\Users\Manuel Zambrano\proyectos\sori\src\web\yii\framework\base\CApplication.php(169): CWebApplication->processRequest()
#2 C:\Users\Manuel Zambrano\proyectos\sori\src\web\index.php(13): CApplication->run()
#3 {main}
REQUEST_URI=/favicon.ico
---
2013/05/17 17:35:09 [error] [exception.CHttpException.404] exception 'CHttpException' with message 'Unable to resolve the request "favicon.ico".' in C:\Users\Manuel Zambrano\proyectos\sori\src\web\yii\framework\web\CWebApplication.php:286
Stack trace:
#0 C:\Users\Manuel Zambrano\proyectos\sori\src\web\yii\framework\web\CWebApplication.php(141): CWebApplication->runController('favicon.ico')
#1 C:\Users\Manuel Zambrano\proyectos\sori\src\web\yii\framework\base\CApplication.php(169): CWebApplication->processRequest()
#2 C:\Users\Manuel Zambrano\proyectos\sori\src\web\index.php(13): CApplication->run()
#3 {main}
REQUEST_URI=/favicon.ico
---
2013/05/17 17:35:13 [error] [exception.CHttpException.404] exception 'CHttpException' with message 'Unable to resolve the request "favicon.ico".' in C:\Users\Manuel Zambrano\proyectos\sori\src\web\yii\framework\web\CWebApplication.php:286
Stack trace:
#0 C:\Users\Manuel Zambrano\proyectos\sori\src\web\yii\framework\web\CWebApplication.php(141): CWebApplication->runController('favicon.ico')
#1 C:\Users\Manuel Zambrano\proyectos\sori\src\web\yii\framework\base\CApplication.php(169): CWebApplication->processRequest()
#2 C:\Users\Manuel Zambrano\proyectos\sori\src\web\index.php(13): CApplication->run()
#3 {main}
REQUEST_URI=/favicon.ico
---
2013/05/17 17:35:19 [error] [exception.CDbException] exception 'CDbException' with message 'CDbConnection failed to open the DB connection: could not find driver' in C:\Users\Manuel Zambrano\proyectos\sori\src\web\yii\framework\db\CDbConnection.php:382
Stack trace:
#0 C:\Users\Manuel Zambrano\proyectos\sori\src\web\yii\framework\db\CDbConnection.php(330): CDbConnection->open()
#1 C:\Users\Manuel Zambrano\proyectos\sori\src\web\yii\framework\db\CDbConnection.php(308): CDbConnection->setActive(true)
#2 C:\Users\Manuel Zambrano\proyectos\sori\src\web\yii\framework\base\CModule.php(387): CDbConnection->init()
#3 C:\Users\Manuel Zambrano\proyectos\sori\src\web\yii\framework\base\CModule.php(103): CModule->getComponent('db')
#4 C:\Users\Manuel Zambrano\proyectos\sori\src\web\yii\framework\gii\generators\model\ModelCode.php(59): CModule->__get('db')
#5 C:\Users\Manuel Zambrano\proyectos\sori\src\web\yii\framework\web\CFormModel.php(39): ModelCode->init()
#6 C:\Users\Manuel Zambrano\proyectos\sori\src\web\yii\framework\gii\CCodeGenerator.php(153): CFormModel->__construct()
#7 C:\Users\Manuel Zambrano\proyectos\sori\src\web\yii\framework\gii\CCodeGenerator.php(63): CCodeGenerator->prepare()
#8 C:\Users\Manuel Zambrano\proyectos\sori\src\web\yii\framework\web\actions\CInlineAction.php(49): CCodeGenerator->actionIndex()
#9 C:\Users\Manuel Zambrano\proyectos\sori\src\web\yii\framework\web\CController.php(308): CInlineAction->runWithParams(Array)
#10 C:\Users\Manuel Zambrano\proyectos\sori\src\web\yii\framework\web\CController.php(286): CController->runAction(Object(CInlineAction))
#11 C:\Users\Manuel Zambrano\proyectos\sori\src\web\yii\framework\web\CController.php(265): CController->runActionWithFilters(Object(CInlineAction), Array)
#12 C:\Users\Manuel Zambrano\proyectos\sori\src\web\yii\framework\web\CWebApplication.php(282): CController->run('index')
#13 C:\Users\Manuel Zambrano\proyectos\sori\src\web\yii\framework\web\CWebApplication.php(141): CWebApplication->runController('gii/model/index')
#14 C:\Users\Manuel Zambrano\proyectos\sori\src\web\yii\framework\base\CApplication.php(169): CWebApplication->processRequest()
#15 C:\Users\Manuel Zambrano\proyectos\sori\src\web\index.php(13): CApplication->run()
#16 {main}
REQUEST_URI=/gii/model/index
HTTP_REFERER=http://sori.local/gii/controller/index
---
2013/05/17 17:35:20 [error] [exception.CHttpException.404] exception 'CHttpException' with message 'Unable to resolve the request "favicon.ico".' in C:\Users\Manuel Zambrano\proyectos\sori\src\web\yii\framework\web\CWebApplication.php:286
Stack trace:
#0 C:\Users\Manuel Zambrano\proyectos\sori\src\web\yii\framework\web\CWebApplication.php(141): CWebApplication->runController('favicon.ico')
#1 C:\Users\Manuel Zambrano\proyectos\sori\src\web\yii\framework\base\CApplication.php(169): CWebApplication->processRequest()
#2 C:\Users\Manuel Zambrano\proyectos\sori\src\web\index.php(13): CApplication->run()
#3 {main}
REQUEST_URI=/favicon.ico
---
2013/05/17 17:36:39 [error] [exception.CDbException] exception 'CDbException' with message 'CDbConnection failed to open the DB connection: could not find driver' in C:\Users\Manuel Zambrano\proyectos\sori\src\web\yii\framework\db\CDbConnection.php:382
Stack trace:
#0 C:\Users\Manuel Zambrano\proyectos\sori\src\web\yii\framework\db\CDbConnection.php(330): CDbConnection->open()
#1 C:\Users\Manuel Zambrano\proyectos\sori\src\web\yii\framework\db\CDbConnection.php(308): CDbConnection->setActive(true)
#2 C:\Users\Manuel Zambrano\proyectos\sori\src\web\yii\framework\base\CModule.php(387): CDbConnection->init()
#3 C:\Users\Manuel Zambrano\proyectos\sori\src\web\yii\framework\base\CModule.php(103): CModule->getComponent('db')
#4 C:\Users\Manuel Zambrano\proyectos\sori\src\web\yii\framework\gii\generators\model\ModelCode.php(59): CModule->__get('db')
#5 C:\Users\Manuel Zambrano\proyectos\sori\src\web\yii\framework\web\CFormModel.php(39): ModelCode->init()
#6 C:\Users\Manuel Zambrano\proyectos\sori\src\web\yii\framework\gii\CCodeGenerator.php(153): CFormModel->__construct()
#7 C:\Users\Manuel Zambrano\proyectos\sori\src\web\yii\framework\gii\CCodeGenerator.php(63): CCodeGenerator->prepare()
#8 C:\Users\Manuel Zambrano\proyectos\sori\src\web\yii\framework\web\actions\CInlineAction.php(49): CCodeGenerator->actionIndex()
#9 C:\Users\Manuel Zambrano\proyectos\sori\src\web\yii\framework\web\CController.php(308): CInlineAction->runWithParams(Array)
#10 C:\Users\Manuel Zambrano\proyectos\sori\src\web\yii\framework\web\CController.php(286): CController->runAction(Object(CInlineAction))
#11 C:\Users\Manuel Zambrano\proyectos\sori\src\web\yii\framework\web\CController.php(265): CController->runActionWithFilters(Object(CInlineAction), Array)
#12 C:\Users\Manuel Zambrano\proyectos\sori\src\web\yii\framework\web\CWebApplication.php(282): CController->run('index')
#13 C:\Users\Manuel Zambrano\proyectos\sori\src\web\yii\framework\web\CWebApplication.php(141): CWebApplication->runController('gii/model/index')
#14 C:\Users\Manuel Zambrano\proyectos\sori\src\web\yii\framework\base\CApplication.php(169): CWebApplication->processRequest()
#15 C:\Users\Manuel Zambrano\proyectos\sori\src\web\index.php(13): CApplication->run()
#16 {main}
REQUEST_URI=/gii/model/index
HTTP_REFERER=http://sori.local/gii/controller/index
---
2013/05/17 17:36:40 [error] [exception.CHttpException.404] exception 'CHttpException' with message 'Unable to resolve the request "favicon.ico".' in C:\Users\Manuel Zambrano\proyectos\sori\src\web\yii\framework\web\CWebApplication.php:286
Stack trace:
#0 C:\Users\Manuel Zambrano\proyectos\sori\src\web\yii\framework\web\CWebApplication.php(141): CWebApplication->runController('favicon.ico')
#1 C:\Users\Manuel Zambrano\proyectos\sori\src\web\yii\framework\base\CApplication.php(169): CWebApplication->processRequest()
#2 C:\Users\Manuel Zambrano\proyectos\sori\src\web\index.php(13): CApplication->run()
#3 {main}
REQUEST_URI=/favicon.ico
---
2013/05/17 17:36:41 [error] [exception.CHttpException.404] exception 'CHttpException' with message 'Unable to resolve the request "favicon.ico".' in C:\Users\Manuel Zambrano\proyectos\sori\src\web\yii\framework\web\CWebApplication.php:286
Stack trace:
#0 C:\Users\Manuel Zambrano\proyectos\sori\src\web\yii\framework\web\CWebApplication.php(141): CWebApplication->runController('favicon.ico')
#1 C:\Users\Manuel Zambrano\proyectos\sori\src\web\yii\framework\base\CApplication.php(169): CWebApplication->processRequest()
#2 C:\Users\Manuel Zambrano\proyectos\sori\src\web\index.php(13): CApplication->run()
#3 {main}
REQUEST_URI=/favicon.ico
---
2013/05/17 17:36:45 [error] [exception.CHttpException.404] exception 'CHttpException' with message 'Unable to resolve the request "favicon.ico".' in C:\Users\Manuel Zambrano\proyectos\sori\src\web\yii\framework\web\CWebApplication.php:286
Stack trace:
#0 C:\Users\Manuel Zambrano\proyectos\sori\src\web\yii\framework\web\CWebApplication.php(141): CWebApplication->runController('favicon.ico')
#1 C:\Users\Manuel Zambrano\proyectos\sori\src\web\yii\framework\base\CApplication.php(169): CWebApplication->processRequest()
#2 C:\Users\Manuel Zambrano\proyectos\sori\src\web\index.php(13): CApplication->run()
#3 {main}
REQUEST_URI=/favicon.ico
---
2013/05/17 17:36:46 [error] [exception.CDbException] exception 'CDbException' with message 'CDbConnection failed to open the DB connection: could not find driver' in C:\Users\Manuel Zambrano\proyectos\sori\src\web\yii\framework\db\CDbConnection.php:382
Stack trace:
#0 C:\Users\Manuel Zambrano\proyectos\sori\src\web\yii\framework\db\CDbConnection.php(330): CDbConnection->open()
#1 C:\Users\Manuel Zambrano\proyectos\sori\src\web\yii\framework\db\CDbConnection.php(308): CDbConnection->setActive(true)
#2 C:\Users\Manuel Zambrano\proyectos\sori\src\web\yii\framework\base\CModule.php(387): CDbConnection->init()
#3 C:\Users\Manuel Zambrano\proyectos\sori\src\web\yii\framework\base\CModule.php(103): CModule->getComponent('db')
#4 C:\Users\Manuel Zambrano\proyectos\sori\src\web\yii\framework\gii\generators\model\ModelCode.php(59): CModule->__get('db')
#5 C:\Users\Manuel Zambrano\proyectos\sori\src\web\yii\framework\web\CFormModel.php(39): ModelCode->init()
#6 C:\Users\Manuel Zambrano\proyectos\sori\src\web\yii\framework\gii\CCodeGenerator.php(153): CFormModel->__construct()
#7 C:\Users\Manuel Zambrano\proyectos\sori\src\web\yii\framework\gii\CCodeGenerator.php(63): CCodeGenerator->prepare()
#8 C:\Users\Manuel Zambrano\proyectos\sori\src\web\yii\framework\web\actions\CInlineAction.php(49): CCodeGenerator->actionIndex()
#9 C:\Users\Manuel Zambrano\proyectos\sori\src\web\yii\framework\web\CController.php(308): CInlineAction->runWithParams(Array)
#10 C:\Users\Manuel Zambrano\proyectos\sori\src\web\yii\framework\web\CController.php(286): CController->runAction(Object(CInlineAction))
#11 C:\Users\Manuel Zambrano\proyectos\sori\src\web\yii\framework\web\CController.php(265): CController->runActionWithFilters(Object(CInlineAction), Array)
#12 C:\Users\Manuel Zambrano\proyectos\sori\src\web\yii\framework\web\CWebApplication.php(282): CController->run('index')
#13 C:\Users\Manuel Zambrano\proyectos\sori\src\web\yii\framework\web\CWebApplication.php(141): CWebApplication->runController('gii/model/index')
#14 C:\Users\Manuel Zambrano\proyectos\sori\src\web\yii\framework\base\CApplication.php(169): CWebApplication->processRequest()
#15 C:\Users\Manuel Zambrano\proyectos\sori\src\web\index.php(13): CApplication->run()
#16 {main}
REQUEST_URI=/gii/model/index
HTTP_REFERER=http://sori.local/gii/module/index
---
2013/05/17 17:36:46 [error] [exception.CHttpException.404] exception 'CHttpException' with message 'Unable to resolve the request "favicon.ico".' in C:\Users\Manuel Zambrano\proyectos\sori\src\web\yii\framework\web\CWebApplication.php:286
Stack trace:
#0 C:\Users\Manuel Zambrano\proyectos\sori\src\web\yii\framework\web\CWebApplication.php(141): CWebApplication->runController('favicon.ico')
#1 C:\Users\Manuel Zambrano\proyectos\sori\src\web\yii\framework\base\CApplication.php(169): CWebApplication->processRequest()
#2 C:\Users\Manuel Zambrano\proyectos\sori\src\web\index.php(13): CApplication->run()
#3 {main}
REQUEST_URI=/favicon.ico
---
2013/05/17 17:45:04 [error] [exception.CHttpException.404] exception 'CHttpException' with message 'Unable to resolve the request "favicon.ico".' in C:\Users\Manuel Zambrano\proyectos\sori\src\web\yii\framework\web\CWebApplication.php:286
Stack trace:
#0 C:\Users\Manuel Zambrano\proyectos\sori\src\web\yii\framework\web\CWebApplication.php(141): CWebApplication->runController('favicon.ico')
#1 C:\Users\Manuel Zambrano\proyectos\sori\src\web\yii\framework\base\CApplication.php(169): CWebApplication->processRequest()
#2 C:\Users\Manuel Zambrano\proyectos\sori\src\web\index.php(13): CApplication->run()
#3 {main}
REQUEST_URI=/favicon.ico
---
2013/05/17 18:04:17 [error] [exception.CHttpException.404] exception 'CHttpException' with message 'Unable to resolve the request "favicon.ico".' in C:\Users\Manuel Zambrano\proyectos\sori\src\web\yii\framework\web\CWebApplication.php:286
Stack trace:
#0 C:\Users\Manuel Zambrano\proyectos\sori\src\web\yii\framework\web\CWebApplication.php(141): CWebApplication->runController('favicon.ico')
#1 C:\Users\Manuel Zambrano\proyectos\sori\src\web\yii\framework\base\CApplication.php(169): CWebApplication->processRequest()
#2 C:\Users\Manuel Zambrano\proyectos\sori\src\web\index.php(13): CApplication->run()
#3 {main}
REQUEST_URI=/favicon.ico
---
2013/05/17 18:04:38 [error] [exception.CHttpException.404] exception 'CHttpException' with message 'Unable to resolve the request "favicon.ico".' in C:\Users\Manuel Zambrano\proyectos\sori\src\web\yii\framework\web\CWebApplication.php:286
Stack trace:
#0 C:\Users\Manuel Zambrano\proyectos\sori\src\web\yii\framework\web\CWebApplication.php(141): CWebApplication->runController('favicon.ico')
#1 C:\Users\Manuel Zambrano\proyectos\sori\src\web\yii\framework\base\CApplication.php(169): CWebApplication->processRequest()
#2 C:\Users\Manuel Zambrano\proyectos\sori\src\web\index.php(13): CApplication->run()
#3 {main}
REQUEST_URI=/favicon.ico
---
2013/05/17 18:22:40 [error] [exception.CHttpException.404] exception 'CHttpException' with message 'Unable to resolve the request "favicon.ico".' in C:\Users\Manuel Zambrano\proyectos\sori\src\web\yii\framework\web\CWebApplication.php:286
Stack trace:
#0 C:\Users\Manuel Zambrano\proyectos\sori\src\web\yii\framework\web\CWebApplication.php(141): CWebApplication->runController('favicon.ico')
#1 C:\Users\Manuel Zambrano\proyectos\sori\src\web\yii\framework\base\CApplication.php(169): CWebApplication->processRequest()
#2 C:\Users\Manuel Zambrano\proyectos\sori\src\web\index.php(13): CApplication->run()
#3 {main}
REQUEST_URI=/favicon.ico
---
2013/05/17 18:22:42 [error] [exception.CHttpException.404] exception 'CHttpException' with message 'Unable to resolve the request "favicon.ico".' in C:\Users\Manuel Zambrano\proyectos\sori\src\web\yii\framework\web\CWebApplication.php:286
Stack trace:
#0 C:\Users\Manuel Zambrano\proyectos\sori\src\web\yii\framework\web\CWebApplication.php(141): CWebApplication->runController('favicon.ico')
#1 C:\Users\Manuel Zambrano\proyectos\sori\src\web\yii\framework\base\CApplication.php(169): CWebApplication->processRequest()
#2 C:\Users\Manuel Zambrano\proyectos\sori\src\web\index.php(13): CApplication->run()
#3 {main}
REQUEST_URI=/favicon.ico
---
2013/05/17 18:22:53 [error] [exception.CHttpException.404] exception 'CHttpException' with message 'Unable to resolve the request "favicon.ico".' in C:\Users\Manuel Zambrano\proyectos\sori\src\web\yii\framework\web\CWebApplication.php:286
Stack trace:
#0 C:\Users\Manuel Zambrano\proyectos\sori\src\web\yii\framework\web\CWebApplication.php(141): CWebApplication->runController('favicon.ico')
#1 C:\Users\Manuel Zambrano\proyectos\sori\src\web\yii\framework\base\CApplication.php(169): CWebApplication->processRequest()
#2 C:\Users\Manuel Zambrano\proyectos\sori\src\web\index.php(13): CApplication->run()
#3 {main}
REQUEST_URI=/favicon.ico
---
2013/05/17 19:11:23 [error] [exception.CHttpException.404] exception 'CHttpException' with message 'Unable to resolve the request "users".' in C:\Users\Manuel Zambrano\proyectos\sori\src\web\yii\framework\web\CWebApplication.php:286
Stack trace:
#0 C:\Users\Manuel Zambrano\proyectos\sori\src\web\yii\framework\web\CWebApplication.php(141): CWebApplication->runController('users')
#1 C:\Users\Manuel Zambrano\proyectos\sori\src\web\yii\framework\base\CApplication.php(169): CWebApplication->processRequest()
#2 C:\Users\Manuel Zambrano\proyectos\sori\src\web\index.php(13): CApplication->run()
#3 {main}
REQUEST_URI=/users
---
2013/05/17 19:11:23 [error] [exception.CHttpException.404] exception 'CHttpException' with message 'Unable to resolve the request "favicon.ico".' in C:\Users\Manuel Zambrano\proyectos\sori\src\web\yii\framework\web\CWebApplication.php:286
Stack trace:
#0 C:\Users\Manuel Zambrano\proyectos\sori\src\web\yii\framework\web\CWebApplication.php(141): CWebApplication->runController('favicon.ico')
#1 C:\Users\Manuel Zambrano\proyectos\sori\src\web\yii\framework\base\CApplication.php(169): CWebApplication->processRequest()
#2 C:\Users\Manuel Zambrano\proyectos\sori\src\web\index.php(13): CApplication->run()
#3 {main}
REQUEST_URI=/favicon.ico
---
2013/05/17 19:14:07 [error] [exception.CHttpException.404] exception 'CHttpException' with message 'Unable to resolve the request "favicon.ico".' in C:\Users\Manuel Zambrano\proyectos\sori\src\web\yii\framework\web\CWebApplication.php:286
Stack trace:
#0 C:\Users\Manuel Zambrano\proyectos\sori\src\web\yii\framework\web\CWebApplication.php(141): CWebApplication->runController('favicon.ico')
#1 C:\Users\Manuel Zambrano\proyectos\sori\src\web\yii\framework\base\CApplication.php(169): CWebApplication->processRequest()
#2 C:\Users\Manuel Zambrano\proyectos\sori\src\web\index.php(13): CApplication->run()
#3 {main}
REQUEST_URI=/favicon.ico
---
2013/05/17 19:14:08 [error] [exception.CHttpException.404] exception 'CHttpException' with message 'Unable to resolve the request "favicon.ico".' in C:\Users\Manuel Zambrano\proyectos\sori\src\web\yii\framework\web\CWebApplication.php:286
Stack trace:
#0 C:\Users\Manuel Zambrano\proyectos\sori\src\web\yii\framework\web\CWebApplication.php(141): CWebApplication->runController('favicon.ico')
#1 C:\Users\Manuel Zambrano\proyectos\sori\src\web\yii\framework\base\CApplication.php(169): CWebApplication->processRequest()
#2 C:\Users\Manuel Zambrano\proyectos\sori\src\web\index.php(13): CApplication->run()
#3 {main}
REQUEST_URI=/favicon.ico
---
2013/05/17 19:14:22 [error] [exception.CHttpException.404] exception 'CHttpException' with message 'Unable to resolve the request "favicon.ico".' in C:\Users\Manuel Zambrano\proyectos\sori\src\web\yii\framework\web\CWebApplication.php:286
Stack trace:
#0 C:\Users\Manuel Zambrano\proyectos\sori\src\web\yii\framework\web\CWebApplication.php(141): CWebApplication->runController('favicon.ico')
#1 C:\Users\Manuel Zambrano\proyectos\sori\src\web\yii\framework\base\CApplication.php(169): CWebApplication->processRequest()
#2 C:\Users\Manuel Zambrano\proyectos\sori\src\web\index.php(13): CApplication->run()
#3 {main}
REQUEST_URI=/favicon.ico
---
2013/05/17 19:19:04 [error] [exception.CHttpException.404] exception 'CHttpException' with message 'Unable to resolve the request "favicon.ico".' in C:\Users\Manuel Zambrano\proyectos\sori\src\web\yii\framework\web\CWebApplication.php:286
Stack trace:
#0 C:\Users\Manuel Zambrano\proyectos\sori\src\web\yii\framework\web\CWebApplication.php(141): CWebApplication->runController('favicon.ico')
#1 C:\Users\Manuel Zambrano\proyectos\sori\src\web\yii\framework\base\CApplication.php(169): CWebApplication->processRequest()
#2 C:\Users\Manuel Zambrano\proyectos\sori\src\web\index.php(13): CApplication->run()
#3 {main}
REQUEST_URI=/favicon.ico
---
2013/05/17 19:19:05 [error] [exception.CHttpException.404] exception 'CHttpException' with message 'Unable to resolve the request "favicon.ico".' in C:\Users\Manuel Zambrano\proyectos\sori\src\web\yii\framework\web\CWebApplication.php:286
Stack trace:
#0 C:\Users\Manuel Zambrano\proyectos\sori\src\web\yii\framework\web\CWebApplication.php(141): CWebApplication->runController('favicon.ico')
#1 C:\Users\Manuel Zambrano\proyectos\sori\src\web\yii\framework\base\CApplication.php(169): CWebApplication->processRequest()
#2 C:\Users\Manuel Zambrano\proyectos\sori\src\web\index.php(13): CApplication->run()
#3 {main}
REQUEST_URI=/favicon.ico
---
2013/05/17 19:19:09 [error] [exception.CHttpException.404] exception 'CHttpException' with message 'Unable to resolve the request "favicon.ico".' in C:\Users\Manuel Zambrano\proyectos\sori\src\web\yii\framework\web\CWebApplication.php:286
Stack trace:
#0 C:\Users\Manuel Zambrano\proyectos\sori\src\web\yii\framework\web\CWebApplication.php(141): CWebApplication->runController('favicon.ico')
#1 C:\Users\Manuel Zambrano\proyectos\sori\src\web\yii\framework\base\CApplication.php(169): CWebApplication->processRequest()
#2 C:\Users\Manuel Zambrano\proyectos\sori\src\web\index.php(13): CApplication->run()
#3 {main}
REQUEST_URI=/favicon.ico
---
2013/05/17 19:19:11 [error] [exception.CHttpException.404] exception 'CHttpException' with message 'Unable to resolve the request "favicon.ico".' in C:\Users\Manuel Zambrano\proyectos\sori\src\web\yii\framework\web\CWebApplication.php:286
Stack trace:
#0 C:\Users\Manuel Zambrano\proyectos\sori\src\web\yii\framework\web\CWebApplication.php(141): CWebApplication->runController('favicon.ico')
#1 C:\Users\Manuel Zambrano\proyectos\sori\src\web\yii\framework\base\CApplication.php(169): CWebApplication->processRequest()
#2 C:\Users\Manuel Zambrano\proyectos\sori\src\web\index.php(13): CApplication->run()
#3 {main}
REQUEST_URI=/favicon.ico
---
2013/05/17 19:19:18 [error] [exception.CHttpException.404] exception 'CHttpException' with message 'Unable to resolve the request "favicon.ico".' in C:\Users\Manuel Zambrano\proyectos\sori\src\web\yii\framework\web\CWebApplication.php:286
Stack trace:
#0 C:\Users\Manuel Zambrano\proyectos\sori\src\web\yii\framework\web\CWebApplication.php(141): CWebApplication->runController('favicon.ico')
#1 C:\Users\Manuel Zambrano\proyectos\sori\src\web\yii\framework\base\CApplication.php(169): CWebApplication->processRequest()
#2 C:\Users\Manuel Zambrano\proyectos\sori\src\web\index.php(13): CApplication->run()
#3 {main}
REQUEST_URI=/favicon.ico
---
2013/05/20 09:41:48 [error] [exception.CHttpException.404] exception 'CHttpException' with message 'Unable to resolve the request "favicon.ico".' in C:\Users\Manuel Zambrano\proyectos\sori\src\web\yii\framework\web\CWebApplication.php:286
Stack trace:
#0 C:\Users\Manuel Zambrano\proyectos\sori\src\web\yii\framework\web\CWebApplication.php(141): CWebApplication->runController('favicon.ico')
#1 C:\Users\Manuel Zambrano\proyectos\sori\src\web\yii\framework\base\CApplication.php(169): CWebApplication->processRequest()
#2 C:\Users\Manuel Zambrano\proyectos\sori\src\web\index.php(13): CApplication->run()
#3 {main}
REQUEST_URI=/favicon.ico
---
2013/05/20 16:37:36 [error] [exception.CHttpException.404] exception 'CHttpException' with message 'Unable to resolve the request "favicon.ico".' in C:\Users\Manuel Zambrano\proyectos\sori\src\web\yii\framework\web\CWebApplication.php:286
Stack trace:
#0 C:\Users\Manuel Zambrano\proyectos\sori\src\web\yii\framework\web\CWebApplication.php(141): CWebApplication->runController('favicon.ico')
#1 C:\Users\Manuel Zambrano\proyectos\sori\src\web\yii\framework\base\CApplication.php(169): CWebApplication->processRequest()
#2 C:\Users\Manuel Zambrano\proyectos\sori\src\web\index.php(13): CApplication->run()
#3 {main}
REQUEST_URI=/favicon.ico
---
2013/05/20 16:51:14 [error] [exception.CHttpException.404] exception 'CHttpException' with message 'Unable to resolve the request "favicon.ico".' in C:\Users\Manuel Zambrano\proyectos\sori\src\web\yii\framework\web\CWebApplication.php:286
Stack trace:
#0 C:\Users\Manuel Zambrano\proyectos\sori\src\web\yii\framework\web\CWebApplication.php(141): CWebApplication->runController('favicon.ico')
#1 C:\Users\Manuel Zambrano\proyectos\sori\src\web\yii\framework\base\CApplication.php(169): CWebApplication->processRequest()
#2 C:\Users\Manuel Zambrano\proyectos\sori\src\web\index.php(13): CApplication->run()
#3 {main}
REQUEST_URI=/favicon.ico
---
2013/05/20 16:52:08 [error] [exception.CHttpException.404] exception 'CHttpException' with message 'Unable to resolve the request "favicon.ico".' in C:\Users\Manuel Zambrano\proyectos\sori\src\web\yii\framework\web\CWebApplication.php:286
Stack trace:
#0 C:\Users\Manuel Zambrano\proyectos\sori\src\web\yii\framework\web\CWebApplication.php(141): CWebApplication->runController('favicon.ico')
#1 C:\Users\Manuel Zambrano\proyectos\sori\src\web\yii\framework\base\CApplication.php(169): CWebApplication->processRequest()
#2 C:\Users\Manuel Zambrano\proyectos\sori\src\web\index.php(13): CApplication->run()
#3 {main}
REQUEST_URI=/favicon.ico
---
2013/05/20 16:52:13 [error] [exception.CHttpException.404] exception 'CHttpException' with message 'Unable to resolve the request "favicon.ico".' in C:\Users\Manuel Zambrano\proyectos\sori\src\web\yii\framework\web\CWebApplication.php:286
Stack trace:
#0 C:\Users\Manuel Zambrano\proyectos\sori\src\web\yii\framework\web\CWebApplication.php(141): CWebApplication->runController('favicon.ico')
#1 C:\Users\Manuel Zambrano\proyectos\sori\src\web\yii\framework\base\CApplication.php(169): CWebApplication->processRequest()
#2 C:\Users\Manuel Zambrano\proyectos\sori\src\web\index.php(13): CApplication->run()
#3 {main}
REQUEST_URI=/favicon.ico
---
2013/05/20 17:12:15 [error] [exception.CHttpException.404] exception 'CHttpException' with message 'Unable to resolve the request "favicon.ico".' in C:\Users\Manuel Zambrano\proyectos\sori\src\web\yii\framework\web\CWebApplication.php:286
Stack trace:
#0 C:\Users\Manuel Zambrano\proyectos\sori\src\web\yii\framework\web\CWebApplication.php(141): CWebApplication->runController('favicon.ico')
#1 C:\Users\Manuel Zambrano\proyectos\sori\src\web\yii\framework\base\CApplication.php(169): CWebApplication->processRequest()
#2 C:\Users\Manuel Zambrano\proyectos\sori\src\web\index.php(13): CApplication->run()
#3 {main}
REQUEST_URI=/favicon.ico
---
2013/05/20 17:12:19 [error] [exception.CHttpException.404] exception 'CHttpException' with message 'Unable to resolve the request "favicon.ico".' in C:\Users\Manuel Zambrano\proyectos\sori\src\web\yii\framework\web\CWebApplication.php:286
Stack trace:
#0 C:\Users\Manuel Zambrano\proyectos\sori\src\web\yii\framework\web\CWebApplication.php(141): CWebApplication->runController('favicon.ico')
#1 C:\Users\Manuel Zambrano\proyectos\sori\src\web\yii\framework\base\CApplication.php(169): CWebApplication->processRequest()
#2 C:\Users\Manuel Zambrano\proyectos\sori\src\web\index.php(13): CApplication->run()
#3 {main}
REQUEST_URI=/favicon.ico
---
2013/05/20 17:12:20 [error] [exception.CHttpException.404] exception 'CHttpException' with message 'Unable to resolve the request "favicon.ico".' in C:\Users\Manuel Zambrano\proyectos\sori\src\web\yii\framework\web\CWebApplication.php:286
Stack trace:
#0 C:\Users\Manuel Zambrano\proyectos\sori\src\web\yii\framework\web\CWebApplication.php(141): CWebApplication->runController('favicon.ico')
#1 C:\Users\Manuel Zambrano\proyectos\sori\src\web\yii\framework\base\CApplication.php(169): CWebApplication->processRequest()
#2 C:\Users\Manuel Zambrano\proyectos\sori\src\web\index.php(13): CApplication->run()
#3 {main}
REQUEST_URI=/favicon.ico
---
2013/05/20 17:13:14 [error] [exception.CHttpException.404] exception 'CHttpException' with message 'Unable to resolve the request "favicon.ico".' in C:\Users\Manuel Zambrano\proyectos\sori\src\web\yii\framework\web\CWebApplication.php:286
Stack trace:
#0 C:\Users\Manuel Zambrano\proyectos\sori\src\web\yii\framework\web\CWebApplication.php(141): CWebApplication->runController('favicon.ico')
#1 C:\Users\Manuel Zambrano\proyectos\sori\src\web\yii\framework\base\CApplication.php(169): CWebApplication->processRequest()
#2 C:\Users\Manuel Zambrano\proyectos\sori\src\web\index.php(13): CApplication->run()
#3 {main}
REQUEST_URI=/favicon.ico
---
2013/05/20 17:13:17 [error] [exception.CHttpException.404] exception 'CHttpException' with message 'Unable to resolve the request "favicon.ico".' in C:\Users\Manuel Zambrano\proyectos\sori\src\web\yii\framework\web\CWebApplication.php:286
Stack trace:
#0 C:\Users\Manuel Zambrano\proyectos\sori\src\web\yii\framework\web\CWebApplication.php(141): CWebApplication->runController('favicon.ico')
#1 C:\Users\Manuel Zambrano\proyectos\sori\src\web\yii\framework\base\CApplication.php(169): CWebApplication->processRequest()
#2 C:\Users\Manuel Zambrano\proyectos\sori\src\web\index.php(13): CApplication->run()
#3 {main}
REQUEST_URI=/favicon.ico
---
2013/05/20 17:31:01 [error] [exception.CHttpException.404] exception 'CHttpException' with message 'Unable to resolve the request "favicon.ico".' in C:\Users\Manuel Zambrano\proyectos\sori\src\web\yii\framework\web\CWebApplication.php:286
Stack trace:
#0 C:\Users\Manuel Zambrano\proyectos\sori\src\web\yii\framework\web\CWebApplication.php(141): CWebApplication->runController('favicon.ico')
#1 C:\Users\Manuel Zambrano\proyectos\sori\src\web\yii\framework\base\CApplication.php(169): CWebApplication->processRequest()
#2 C:\Users\Manuel Zambrano\proyectos\sori\src\web\index.php(13): CApplication->run()
#3 {main}
REQUEST_URI=/favicon.ico
---
2013/05/20 17:31:03 [error] [exception.CHttpException.404] exception 'CHttpException' with message 'Unable to resolve the request "favicon.ico".' in C:\Users\Manuel Zambrano\proyectos\sori\src\web\yii\framework\web\CWebApplication.php:286
Stack trace:
#0 C:\Users\Manuel Zambrano\proyectos\sori\src\web\yii\framework\web\CWebApplication.php(141): CWebApplication->runController('favicon.ico')
#1 C:\Users\Manuel Zambrano\proyectos\sori\src\web\yii\framework\base\CApplication.php(169): CWebApplication->processRequest()
#2 C:\Users\Manuel Zambrano\proyectos\sori\src\web\index.php(13): CApplication->run()
#3 {main}
REQUEST_URI=/favicon.ico
---
2013/05/20 17:31:33 [error] [exception.CHttpException.404] exception 'CHttpException' with message 'Unable to resolve the request "principal".' in C:\Users\Manuel Zambrano\proyectos\sori\src\web\yii\framework\web\CWebApplication.php:286
Stack trace:
#0 C:\Users\Manuel Zambrano\proyectos\sori\src\web\yii\framework\web\CWebApplication.php(141): CWebApplication->runController('principal')
#1 C:\Users\Manuel Zambrano\proyectos\sori\src\web\yii\framework\base\CApplication.php(169): CWebApplication->processRequest()
#2 C:\Users\Manuel Zambrano\proyectos\sori\src\web\index.php(13): CApplication->run()
#3 {main}
REQUEST_URI=/principal
---
2013/05/20 17:31:33 [error] [exception.CHttpException.404] exception 'CHttpException' with message 'Unable to resolve the request "favicon.ico".' in C:\Users\Manuel Zambrano\proyectos\sori\src\web\yii\framework\web\CWebApplication.php:286
Stack trace:
#0 C:\Users\Manuel Zambrano\proyectos\sori\src\web\yii\framework\web\CWebApplication.php(141): CWebApplication->runController('favicon.ico')
#1 C:\Users\Manuel Zambrano\proyectos\sori\src\web\yii\framework\base\CApplication.php(169): CWebApplication->processRequest()
#2 C:\Users\Manuel Zambrano\proyectos\sori\src\web\index.php(13): CApplication->run()
#3 {main}
REQUEST_URI=/favicon.ico
---
2013/05/20 17:32:39 [error] [exception.CException] exception 'CException' with message 'PrincipalController cannot find the requested view "login".' in C:\Users\Manuel Zambrano\proyectos\sori\src\web\yii\framework\web\CController.php:878
Stack trace:
#0 C:\Users\Manuel Zambrano\proyectos\sori\src\web\yii\framework\web\CController.php(782): CController->renderPartial('login', Array, true)
#1 C:\Users\Manuel Zambrano\proyectos\sori\src\web\protected\controllers\PrincipalController.php(99): CController->render('login', Array)
#2 C:\Users\Manuel Zambrano\proyectos\sori\src\web\yii\framework\web\actions\CInlineAction.php(49): PrincipalController->actionLogin()
#3 C:\Users\Manuel Zambrano\proyectos\sori\src\web\yii\framework\web\CController.php(308): CInlineAction->runWithParams(Array)
#4 C:\Users\Manuel Zambrano\proyectos\sori\src\web\yii\framework\web\CController.php(286): CController->runAction(Object(CInlineAction))
#5 C:\Users\Manuel Zambrano\proyectos\sori\src\web\yii\framework\web\CController.php(265): CController->runActionWithFilters(Object(CInlineAction), Array)
#6 C:\Users\Manuel Zambrano\proyectos\sori\src\web\yii\framework\web\CWebApplication.php(282): CController->run('')
#7 C:\Users\Manuel Zambrano\proyectos\sori\src\web\yii\framework\web\CWebApplication.php(141): CWebApplication->runController('principal')
#8 C:\Users\Manuel Zambrano\proyectos\sori\src\web\yii\framework\base\CApplication.php(169): CWebApplication->processRequest()
#9 C:\Users\Manuel Zambrano\proyectos\sori\src\web\index.php(13): CApplication->run()
#10 {main}
REQUEST_URI=/principal
---
2013/05/20 17:32:39 [error] [exception.CHttpException.404] exception 'CHttpException' with message 'Unable to resolve the request "favicon.ico".' in C:\Users\Manuel Zambrano\proyectos\sori\src\web\yii\framework\web\CWebApplication.php:286
Stack trace:
#0 C:\Users\Manuel Zambrano\proyectos\sori\src\web\yii\framework\web\CWebApplication.php(141): CWebApplication->runController('favicon.ico')
#1 C:\Users\Manuel Zambrano\proyectos\sori\src\web\yii\framework\base\CApplication.php(169): CWebApplication->processRequest()
#2 C:\Users\Manuel Zambrano\proyectos\sori\src\web\index.php(13): CApplication->run()
#3 {main}
REQUEST_URI=/favicon.ico
---
2013/05/20 17:34:54 [error] [exception.CException] exception 'CException' with message 'PrincipalController cannot find the requested view "login".' in C:\Users\Manuel Zambrano\proyectos\sori\src\web\yii\framework\web\CController.php:878
Stack trace:
#0 C:\Users\Manuel Zambrano\proyectos\sori\src\web\yii\framework\web\CController.php(782): CController->renderPartial('login', Array, true)
#1 C:\Users\Manuel Zambrano\proyectos\sori\src\web\protected\controllers\PrincipalController.php(99): CController->render('login', Array)
#2 C:\Users\Manuel Zambrano\proyectos\sori\src\web\yii\framework\web\actions\CInlineAction.php(49): PrincipalController->actionLogin()
#3 C:\Users\Manuel Zambrano\proyectos\sori\src\web\yii\framework\web\CController.php(308): CInlineAction->runWithParams(Array)
#4 C:\Users\Manuel Zambrano\proyectos\sori\src\web\yii\framework\web\CController.php(286): CController->runAction(Object(CInlineAction))
#5 C:\Users\Manuel Zambrano\proyectos\sori\src\web\yii\framework\web\CController.php(265): CController->runActionWithFilters(Object(CInlineAction), Array)
#6 C:\Users\Manuel Zambrano\proyectos\sori\src\web\yii\framework\web\CWebApplication.php(282): CController->run('login')
#7 C:\Users\Manuel Zambrano\proyectos\sori\src\web\yii\framework\web\CWebApplication.php(141): CWebApplication->runController('principal/login')
#8 C:\Users\Manuel Zambrano\proyectos\sori\src\web\yii\framework\base\CApplication.php(169): CWebApplication->processRequest()
#9 C:\Users\Manuel Zambrano\proyectos\sori\src\web\index.php(13): CApplication->run()
#10 {main}
REQUEST_URI=/principal/login
---
2013/05/20 17:34:54 [error] [exception.CHttpException.404] exception 'CHttpException' with message 'Unable to resolve the request "favicon.ico".' in C:\Users\Manuel Zambrano\proyectos\sori\src\web\yii\framework\web\CWebApplication.php:286
Stack trace:
#0 C:\Users\Manuel Zambrano\proyectos\sori\src\web\yii\framework\web\CWebApplication.php(141): CWebApplication->runController('favicon.ico')
#1 C:\Users\Manuel Zambrano\proyectos\sori\src\web\yii\framework\base\CApplication.php(169): CWebApplication->processRequest()
#2 C:\Users\Manuel Zambrano\proyectos\sori\src\web\index.php(13): CApplication->run()
#3 {main}
REQUEST_URI=/favicon.ico
---
2013/05/20 17:36:26 [error] [exception.CHttpException.404] exception 'CHttpException' with message 'Unable to resolve the request "site".' in C:\Users\Manuel Zambrano\proyectos\sori\src\web\yii\framework\web\CWebApplication.php:286
Stack trace:
#0 C:\Users\Manuel Zambrano\proyectos\sori\src\web\yii\framework\web\CWebApplication.php(141): CWebApplication->runController('')
#1 C:\Users\Manuel Zambrano\proyectos\sori\src\web\yii\framework\base\CApplication.php(169): CWebApplication->processRequest()
#2 C:\Users\Manuel Zambrano\proyectos\sori\src\web\index.php(13): CApplication->run()
#3 {main}
REQUEST_URI=/
---
2013/05/20 17:36:26 [error] [exception.CHttpException.404] exception 'CHttpException' with message 'Unable to resolve the request "favicon.ico".' in C:\Users\Manuel Zambrano\proyectos\sori\src\web\yii\framework\web\CWebApplication.php:286
Stack trace:
#0 C:\Users\Manuel Zambrano\proyectos\sori\src\web\yii\framework\web\CWebApplication.php(141): CWebApplication->runController('favicon.ico')
#1 C:\Users\Manuel Zambrano\proyectos\sori\src\web\yii\framework\base\CApplication.php(169): CWebApplication->processRequest()
#2 C:\Users\Manuel Zambrano\proyectos\sori\src\web\index.php(13): CApplication->run()
#3 {main}
REQUEST_URI=/favicon.ico
---
2013/05/20 17:37:32 [error] [exception.CHttpException.404] exception 'CHttpException' with message 'Unable to resolve the request "site".' in C:\Users\Manuel Zambrano\proyectos\sori\src\web\yii\framework\web\CWebApplication.php:286
Stack trace:
#0 C:\Users\Manuel Zambrano\proyectos\sori\src\web\yii\framework\web\CWebApplication.php(141): CWebApplication->runController('')
#1 C:\Users\Manuel Zambrano\proyectos\sori\src\web\yii\framework\base\CApplication.php(169): CWebApplication->processRequest()
#2 C:\Users\Manuel Zambrano\proyectos\sori\src\web\index.php(13): CApplication->run()
#3 {main}
REQUEST_URI=/
---
2013/05/20 17:37:32 [error] [exception.CHttpException.404] exception 'CHttpException' with message 'Unable to resolve the request "favicon.ico".' in C:\Users\Manuel Zambrano\proyectos\sori\src\web\yii\framework\web\CWebApplication.php:286
Stack trace:
#0 C:\Users\Manuel Zambrano\proyectos\sori\src\web\yii\framework\web\CWebApplication.php(141): CWebApplication->runController('favicon.ico')
#1 C:\Users\Manuel Zambrano\proyectos\sori\src\web\yii\framework\base\CApplication.php(169): CWebApplication->processRequest()
#2 C:\Users\Manuel Zambrano\proyectos\sori\src\web\index.php(13): CApplication->run()
#3 {main}
REQUEST_URI=/favicon.ico
---
2013/05/20 17:38:28 [error] [exception.CException] exception 'CException' with message 'MainController cannot find the requested view "login".' in C:\Users\Manuel Zambrano\proyectos\sori\src\web\yii\framework\web\CController.php:878
Stack trace:
#0 C:\Users\Manuel Zambrano\proyectos\sori\src\web\yii\framework\web\CController.php(782): CController->renderPartial('login', Array, true)
#1 C:\Users\Manuel Zambrano\proyectos\sori\src\web\protected\controllers\MainController.php(99): CController->render('login', Array)
#2 C:\Users\Manuel Zambrano\proyectos\sori\src\web\yii\framework\web\actions\CInlineAction.php(49): MainController->actionLogin()
#3 C:\Users\Manuel Zambrano\proyectos\sori\src\web\yii\framework\web\CController.php(308): CInlineAction->runWithParams(Array)
#4 C:\Users\Manuel Zambrano\proyectos\sori\src\web\yii\framework\web\CController.php(286): CController->runAction(Object(CInlineAction))
#5 C:\Users\Manuel Zambrano\proyectos\sori\src\web\yii\framework\web\CController.php(265): CController->runActionWithFilters(Object(CInlineAction), Array)
#6 C:\Users\Manuel Zambrano\proyectos\sori\src\web\yii\framework\web\CWebApplication.php(282): CController->run('')
#7 C:\Users\Manuel Zambrano\proyectos\sori\src\web\yii\framework\web\CWebApplication.php(141): CWebApplication->runController('main')
#8 C:\Users\Manuel Zambrano\proyectos\sori\src\web\yii\framework\base\CApplication.php(169): CWebApplication->processRequest()
#9 C:\Users\Manuel Zambrano\proyectos\sori\src\web\index.php(13): CApplication->run()
#10 {main}
REQUEST_URI=/main
---
2013/05/20 17:38:28 [error] [exception.CHttpException.404] exception 'CHttpException' with message 'Unable to resolve the request "favicon.ico".' in C:\Users\Manuel Zambrano\proyectos\sori\src\web\yii\framework\web\CWebApplication.php:286
Stack trace:
#0 C:\Users\Manuel Zambrano\proyectos\sori\src\web\yii\framework\web\CWebApplication.php(141): CWebApplication->runController('favicon.ico')
#1 C:\Users\Manuel Zambrano\proyectos\sori\src\web\yii\framework\base\CApplication.php(169): CWebApplication->processRequest()
#2 C:\Users\Manuel Zambrano\proyectos\sori\src\web\index.php(13): CApplication->run()
#3 {main}
REQUEST_URI=/favicon.ico
---
2013/05/20 17:38:43 [error] [exception.CException] exception 'CException' with message 'MainController cannot find the requested view "index".' in C:\Users\Manuel Zambrano\proyectos\sori\src\web\yii\framework\web\CController.php:878
Stack trace:
#0 C:\Users\Manuel Zambrano\proyectos\sori\src\web\yii\framework\web\CController.php(782): CController->renderPartial('index', NULL, true)
#1 C:\Users\Manuel Zambrano\proyectos\sori\src\web\protected\controllers\MainController.php(33): CController->render('index')
#2 C:\Users\Manuel Zambrano\proyectos\sori\src\web\yii\framework\web\actions\CInlineAction.php(49): MainController->actionIndex()
#3 C:\Users\Manuel Zambrano\proyectos\sori\src\web\yii\framework\web\CController.php(308): CInlineAction->runWithParams(Array)
#4 C:\Users\Manuel Zambrano\proyectos\sori\src\web\yii\framework\web\CController.php(286): CController->runAction(Object(CInlineAction))
#5 C:\Users\Manuel Zambrano\proyectos\sori\src\web\yii\framework\web\CController.php(265): CController->runActionWithFilters(Object(CInlineAction), Array)
#6 C:\Users\Manuel Zambrano\proyectos\sori\src\web\yii\framework\web\CWebApplication.php(282): CController->run('')
#7 C:\Users\Manuel Zambrano\proyectos\sori\src\web\yii\framework\web\CWebApplication.php(141): CWebApplication->runController('main')
#8 C:\Users\Manuel Zambrano\proyectos\sori\src\web\yii\framework\base\CApplication.php(169): CWebApplication->processRequest()
#9 C:\Users\Manuel Zambrano\proyectos\sori\src\web\index.php(13): CApplication->run()
#10 {main}
REQUEST_URI=/main
---
2013/05/20 17:38:43 [error] [exception.CHttpException.404] exception 'CHttpException' with message 'Unable to resolve the request "favicon.ico".' in C:\Users\Manuel Zambrano\proyectos\sori\src\web\yii\framework\web\CWebApplication.php:286
Stack trace:
#0 C:\Users\Manuel Zambrano\proyectos\sori\src\web\yii\framework\web\CWebApplication.php(141): CWebApplication->runController('favicon.ico')
#1 C:\Users\Manuel Zambrano\proyectos\sori\src\web\yii\framework\base\CApplication.php(169): CWebApplication->processRequest()
#2 C:\Users\Manuel Zambrano\proyectos\sori\src\web\index.php(13): CApplication->run()
#3 {main}
REQUEST_URI=/favicon.ico
---
2013/05/20 17:40:23 [error] [exception.CHttpException.404] exception 'CHttpException' with message 'Unable to resolve the request "favicon.ico".' in C:\Users\Manuel Zambrano\proyectos\sori\src\web\yii\framework\web\CWebApplication.php:286
Stack trace:
#0 C:\Users\Manuel Zambrano\proyectos\sori\src\web\yii\framework\web\CWebApplication.php(141): CWebApplication->runController('favicon.ico')
#1 C:\Users\Manuel Zambrano\proyectos\sori\src\web\yii\framework\base\CApplication.php(169): CWebApplication->processRequest()
#2 C:\Users\Manuel Zambrano\proyectos\sori\src\web\index.php(13): CApplication->run()
#3 {main}
REQUEST_URI=/favicon.ico
---
2013/05/20 17:40:27 [error] [exception.CException] exception 'CException' with message 'MainController cannot find the requested view "index".' in C:\Users\Manuel Zambrano\proyectos\sori\src\web\yii\framework\web\CController.php:878
Stack trace:
#0 C:\Users\Manuel Zambrano\proyectos\sori\src\web\yii\framework\web\CController.php(782): CController->renderPartial('index', NULL, true)
#1 C:\Users\Manuel Zambrano\proyectos\sori\src\web\protected\controllers\MainController.php(32): CController->render('index')
#2 C:\Users\Manuel Zambrano\proyectos\sori\src\web\yii\framework\web\actions\CInlineAction.php(49): MainController->actionIndex()
#3 C:\Users\Manuel Zambrano\proyectos\sori\src\web\yii\framework\web\CController.php(308): CInlineAction->runWithParams(Array)
#4 C:\Users\Manuel Zambrano\proyectos\sori\src\web\yii\framework\web\CController.php(286): CController->runAction(Object(CInlineAction))
#5 C:\Users\Manuel Zambrano\proyectos\sori\src\web\yii\framework\web\CController.php(265): CController->runActionWithFilters(Object(CInlineAction), Array)
#6 C:\Users\Manuel Zambrano\proyectos\sori\src\web\yii\framework\web\CWebApplication.php(282): CController->run('')
#7 C:\Users\Manuel Zambrano\proyectos\sori\src\web\yii\framework\web\CWebApplication.php(141): CWebApplication->runController('main')
#8 C:\Users\Manuel Zambrano\proyectos\sori\src\web\yii\framework\base\CApplication.php(169): CWebApplication->processRequest()
#9 C:\Users\Manuel Zambrano\proyectos\sori\src\web\index.php(13): CApplication->run()
#10 {main}
REQUEST_URI=/main
---
2013/05/20 17:40:27 [error] [exception.CHttpException.404] exception 'CHttpException' with message 'Unable to resolve the request "favicon.ico".' in C:\Users\Manuel Zambrano\proyectos\sori\src\web\yii\framework\web\CWebApplication.php:286
Stack trace:
#0 C:\Users\Manuel Zambrano\proyectos\sori\src\web\yii\framework\web\CWebApplication.php(141): CWebApplication->runController('favicon.ico')
#1 C:\Users\Manuel Zambrano\proyectos\sori\src\web\yii\framework\base\CApplication.php(169): CWebApplication->processRequest()
#2 C:\Users\Manuel Zambrano\proyectos\sori\src\web\index.php(13): CApplication->run()
#3 {main}
REQUEST_URI=/favicon.ico
---
2013/05/20 17:41:47 [error] [exception.CHttpException.404] exception 'CHttpException' with message 'Unable to resolve the request "favicon.ico".' in C:\Users\Manuel Zambrano\proyectos\sori\src\web\yii\framework\web\CWebApplication.php:286
Stack trace:
#0 C:\Users\Manuel Zambrano\proyectos\sori\src\web\yii\framework\web\CWebApplication.php(141): CWebApplication->runController('favicon.ico')
#1 C:\Users\Manuel Zambrano\proyectos\sori\src\web\yii\framework\base\CApplication.php(169): CWebApplication->processRequest()
#2 C:\Users\Manuel Zambrano\proyectos\sori\src\web\index.php(13): CApplication->run()
#3 {main}
REQUEST_URI=/favicon.ico
---
2013/05/20 17:41:51 [error] [exception.CHttpException.404] exception 'CHttpException' with message 'Unable to resolve the request "site".' in C:\Users\Manuel Zambrano\proyectos\sori\src\web\yii\framework\web\CWebApplication.php:286
Stack trace:
#0 C:\Users\Manuel Zambrano\proyectos\sori\src\web\yii\framework\web\CWebApplication.php(141): CWebApplication->runController('')
#1 C:\Users\Manuel Zambrano\proyectos\sori\src\web\yii\framework\base\CApplication.php(169): CWebApplication->processRequest()
#2 C:\Users\Manuel Zambrano\proyectos\sori\src\web\index.php(13): CApplication->run()
#3 {main}
REQUEST_URI=/
---
2013/05/20 17:41:51 [error] [exception.CHttpException.404] exception 'CHttpException' with message 'Unable to resolve the request "favicon.ico".' in C:\Users\Manuel Zambrano\proyectos\sori\src\web\yii\framework\web\CWebApplication.php:286
Stack trace:
#0 C:\Users\Manuel Zambrano\proyectos\sori\src\web\yii\framework\web\CWebApplication.php(141): CWebApplication->runController('favicon.ico')
#1 C:\Users\Manuel Zambrano\proyectos\sori\src\web\yii\framework\base\CApplication.php(169): CWebApplication->processRequest()
#2 C:\Users\Manuel Zambrano\proyectos\sori\src\web\index.php(13): CApplication->run()
#3 {main}
REQUEST_URI=/favicon.ico
---
2013/05/20 17:41:51 [error] [exception.CHttpException.404] exception 'CHttpException' with message 'Unable to resolve the request "favicon.ico".' in C:\Users\Manuel Zambrano\proyectos\sori\src\web\yii\framework\web\CWebApplication.php:286
Stack trace:
#0 C:\Users\Manuel Zambrano\proyectos\sori\src\web\yii\framework\web\CWebApplication.php(141): CWebApplication->runController('favicon.ico')
#1 C:\Users\Manuel Zambrano\proyectos\sori\src\web\yii\framework\base\CApplication.php(169): CWebApplication->processRequest()
#2 C:\Users\Manuel Zambrano\proyectos\sori\src\web\index.php(13): CApplication->run()
#3 {main}
REQUEST_URI=/favicon.ico
---
2013/05/20 17:43:28 [error] [exception.CHttpException.404] exception 'CHttpException' with message 'Unable to resolve the request "favicon.ico".' in C:\Users\Manuel Zambrano\proyectos\sori\src\web\yii\framework\web\CWebApplication.php:286
Stack trace:
#0 C:\Users\Manuel Zambrano\proyectos\sori\src\web\yii\framework\web\CWebApplication.php(141): CWebApplication->runController('favicon.ico')
#1 C:\Users\Manuel Zambrano\proyectos\sori\src\web\yii\framework\base\CApplication.php(169): CWebApplication->processRequest()
#2 C:\Users\Manuel Zambrano\proyectos\sori\src\web\index.php(13): CApplication->run()
#3 {main}
REQUEST_URI=/favicon.ico
---
2013/05/20 17:43:34 [error] [exception.CHttpException.404] exception 'CHttpException' with message 'Unable to resolve the request "favicon.ico".' in C:\Users\Manuel Zambrano\proyectos\sori\src\web\yii\framework\web\CWebApplication.php:286
Stack trace:
#0 C:\Users\Manuel Zambrano\proyectos\sori\src\web\yii\framework\web\CWebApplication.php(141): CWebApplication->runController('favicon.ico')
#1 C:\Users\Manuel Zambrano\proyectos\sori\src\web\yii\framework\base\CApplication.php(169): CWebApplication->processRequest()
#2 C:\Users\Manuel Zambrano\proyectos\sori\src\web\index.php(13): CApplication->run()
#3 {main}
REQUEST_URI=/favicon.ico
---
2013/05/20 17:45:44 [error] [exception.CHttpException.404] exception 'CHttpException' with message 'Unable to resolve the request "favicon.ico".' in C:\Users\Manuel Zambrano\proyectos\sori\src\web\yii\framework\web\CWebApplication.php:286
Stack trace:
#0 C:\Users\Manuel Zambrano\proyectos\sori\src\web\yii\framework\web\CWebApplication.php(141): CWebApplication->runController('favicon.ico')
#1 C:\Users\Manuel Zambrano\proyectos\sori\src\web\yii\framework\base\CApplication.php(169): CWebApplication->processRequest()
#2 C:\Users\Manuel Zambrano\proyectos\sori\src\web\index.php(13): CApplication->run()
#3 {main}
REQUEST_URI=/favicon.ico
---
2013/05/20 17:45:47 [error] [exception.CHttpException.404] exception 'CHttpException' with message 'Unable to resolve the request "favicon.ico".' in C:\Users\Manuel Zambrano\proyectos\sori\src\web\yii\framework\web\CWebApplication.php:286
Stack trace:
#0 C:\Users\Manuel Zambrano\proyectos\sori\src\web\yii\framework\web\CWebApplication.php(141): CWebApplication->runController('favicon.ico')
#1 C:\Users\Manuel Zambrano\proyectos\sori\src\web\yii\framework\base\CApplication.php(169): CWebApplication->processRequest()
#2 C:\Users\Manuel Zambrano\proyectos\sori\src\web\index.php(13): CApplication->run()
#3 {main}
REQUEST_URI=/favicon.ico
---
2013/05/20 17:53:31 [error] [exception.CHttpException.404] exception 'CHttpException' with message 'Unable to resolve the request "favicon.ico".' in C:\Users\Manuel Zambrano\proyectos\sori\src\web\yii\framework\web\CWebApplication.php:286
Stack trace:
#0 C:\Users\Manuel Zambrano\proyectos\sori\src\web\yii\framework\web\CWebApplication.php(141): CWebApplication->runController('favicon.ico')
#1 C:\Users\Manuel Zambrano\proyectos\sori\src\web\yii\framework\base\CApplication.php(169): CWebApplication->processRequest()
#2 C:\Users\Manuel Zambrano\proyectos\sori\src\web\index.php(13): CApplication->run()
#3 {main}
REQUEST_URI=/favicon.ico
---
2013/05/20 17:57:48 [error] [exception.CHttpException.404] exception 'CHttpException' with message 'Unable to resolve the request "favicon.ico".' in C:\Users\Manuel Zambrano\proyectos\sori\src\web\yii\framework\web\CWebApplication.php:286
Stack trace:
#0 C:\Users\Manuel Zambrano\proyectos\sori\src\web\yii\framework\web\CWebApplication.php(141): CWebApplication->runController('favicon.ico')
#1 C:\Users\Manuel Zambrano\proyectos\sori\src\web\yii\framework\base\CApplication.php(169): CWebApplication->processRequest()
#2 C:\Users\Manuel Zambrano\proyectos\sori\src\web\index.php(13): CApplication->run()
#3 {main}
REQUEST_URI=/favicon.ico
---
2013/05/20 18:15:04 [error] [exception.CHttpException.404] exception 'CHttpException' with message 'Unable to resolve the request "favicon.ico".' in C:\Users\Manuel Zambrano\proyectos\sori\src\web\yii\framework\web\CWebApplication.php:286
Stack trace:
#0 C:\Users\Manuel Zambrano\proyectos\sori\src\web\yii\framework\web\CWebApplication.php(141): CWebApplication->runController('favicon.ico')
#1 C:\Users\Manuel Zambrano\proyectos\sori\src\web\yii\framework\base\CApplication.php(169): CWebApplication->processRequest()
#2 C:\Users\Manuel Zambrano\proyectos\sori\src\web\index.php(13): CApplication->run()
#3 {main}
REQUEST_URI=/favicon.ico
---
2013/05/20 18:15:12 [error] [exception.CHttpException.404] exception 'CHttpException' with message 'Unable to resolve the request "favicon.ico".' in C:\Users\Manuel Zambrano\proyectos\sori\src\web\yii\framework\web\CWebApplication.php:286
Stack trace:
#0 C:\Users\Manuel Zambrano\proyectos\sori\src\web\yii\framework\web\CWebApplication.php(141): CWebApplication->runController('favicon.ico')
#1 C:\Users\Manuel Zambrano\proyectos\sori\src\web\yii\framework\base\CApplication.php(169): CWebApplication->processRequest()
#2 C:\Users\Manuel Zambrano\proyectos\sori\src\web\index.php(13): CApplication->run()
#3 {main}
REQUEST_URI=/favicon.ico
---
2013/05/20 18:15:17 [error] [exception.CHttpException.404] exception 'CHttpException' with message 'Unable to resolve the request "favicon.ico".' in C:\Users\Manuel Zambrano\proyectos\sori\src\web\yii\framework\web\CWebApplication.php:286
Stack trace:
#0 C:\Users\Manuel Zambrano\proyectos\sori\src\web\yii\framework\web\CWebApplication.php(141): CWebApplication->runController('favicon.ico')
#1 C:\Users\Manuel Zambrano\proyectos\sori\src\web\yii\framework\base\CApplication.php(169): CWebApplication->processRequest()
#2 C:\Users\Manuel Zambrano\proyectos\sori\src\web\index.php(13): CApplication->run()
#3 {main}
REQUEST_URI=/favicon.ico
---
2013/05/20 18:15:55 [error] [exception.CHttpException.404] exception 'CHttpException' with message 'Unable to resolve the request "favicon.ico".' in C:\Users\Manuel Zambrano\proyectos\sori\src\web\yii\framework\web\CWebApplication.php:286
Stack trace:
#0 C:\Users\Manuel Zambrano\proyectos\sori\src\web\yii\framework\web\CWebApplication.php(141): CWebApplication->runController('favicon.ico')
#1 C:\Users\Manuel Zambrano\proyectos\sori\src\web\yii\framework\base\CApplication.php(169): CWebApplication->processRequest()
#2 C:\Users\Manuel Zambrano\proyectos\sori\src\web\index.php(13): CApplication->run()
#3 {main}
REQUEST_URI=/favicon.ico
---
2013/05/20 18:15:57 [error] [exception.CHttpException.404] exception 'CHttpException' with message 'Unable to resolve the request "favicon.ico".' in C:\Users\Manuel Zambrano\proyectos\sori\src\web\yii\framework\web\CWebApplication.php:286
Stack trace:
#0 C:\Users\Manuel Zambrano\proyectos\sori\src\web\yii\framework\web\CWebApplication.php(141): CWebApplication->runController('favicon.ico')
#1 C:\Users\Manuel Zambrano\proyectos\sori\src\web\yii\framework\base\CApplication.php(169): CWebApplication->processRequest()
#2 C:\Users\Manuel Zambrano\proyectos\sori\src\web\index.php(13): CApplication->run()
#3 {main}
REQUEST_URI=/favicon.ico
---
2013/05/20 18:16:02 [error] [exception.CHttpException.404] exception 'CHttpException' with message 'Unable to resolve the request "favicon.ico".' in C:\Users\Manuel Zambrano\proyectos\sori\src\web\yii\framework\web\CWebApplication.php:286
Stack trace:
#0 C:\Users\Manuel Zambrano\proyectos\sori\src\web\yii\framework\web\CWebApplication.php(141): CWebApplication->runController('favicon.ico')
#1 C:\Users\Manuel Zambrano\proyectos\sori\src\web\yii\framework\base\CApplication.php(169): CWebApplication->processRequest()
#2 C:\Users\Manuel Zambrano\proyectos\sori\src\web\index.php(13): CApplication->run()
#3 {main}
REQUEST_URI=/favicon.ico
---
2013/05/20 18:16:05 [error] [exception.CHttpException.404] exception 'CHttpException' with message 'Unable to resolve the request "favicon.ico".' in C:\Users\Manuel Zambrano\proyectos\sori\src\web\yii\framework\web\CWebApplication.php:286
Stack trace:
#0 C:\Users\Manuel Zambrano\proyectos\sori\src\web\yii\framework\web\CWebApplication.php(141): CWebApplication->runController('favicon.ico')
#1 C:\Users\Manuel Zambrano\proyectos\sori\src\web\yii\framework\base\CApplication.php(169): CWebApplication->processRequest()
#2 C:\Users\Manuel Zambrano\proyectos\sori\src\web\index.php(13): CApplication->run()
#3 {main}
REQUEST_URI=/favicon.ico
---
